<?xml version="1.0" encoding="UTF-8"?>
<testsuite name="com.assignment.cache.service.BondServiceTest$invalid" tests="1" skipped="0" failures="0" errors="0" timestamp="2023-05-04T14:50:46" hostname="Edens-MBP.lan" time="0.196">
  <properties/>
  <testcase name="cacheIsEmpty_getIdShouldThrow()" classname="com.assignment.cache.service.BondServiceTest$invalid" time="0.196"/>
  <system-out><![CDATA[17:50:46.947 [Test worker] INFO com.assignment.cache.service.BondService -- Looking for bond with id: testId
]]></system-out>
  <system-err><![CDATA[]]></system-err>
</testsuite>
