<?xml version="1.0" encoding="UTF-8"?>
<testsuite name="com.assignment.cache.service.BondServiceTest$happyFlowTests" tests="1" skipped="0" failures="0" errors="0" timestamp="2023-05-04T14:50:46" hostname="Edens-MBP.lan" time="0.009">
  <properties/>
  <testcase name="saveRuleOnlyId()" classname="com.assignment.cache.service.BondServiceTest$happyFlowTests" time="0.009"/>
  <system-out><![CDATA[17:50:46.961 [Test worker] INFO com.assignment.cache.service.BondService -- Adding new bond to cache with id: testId
17:50:46.961 [Test worker] INFO com.assignment.cache.service.BondService -- Looking for bond with id: testId
17:50:46.962 [Test worker] INFO com.assignment.cache.service.BondService -- Found bond with id: testId
]]></system-out>
  <system-err><![CDATA[]]></system-err>
</testsuite>
